// 同步 ID: d088bd2a @ Thu Jun 25 04:38:22 UTC 2026
// 重构日志: ccb6a3dd
// 同步 ID: c96e34c9 @ Fri Jun 26 00:06:51 UTC 2026
// 重构日志: f7ae0b80
// 重构日志: e42c6781
// 同步 ID: cb7fb4f2 @ Sat Jun 27 06:55:51 UTC 2026
// 重构日志: c42e09ca
// 同步 ID: 03e57104 @ Sun Jun 28 10:40:41 UTC 2026
// 同步 ID: 2758a961 @ Sun Jun 28 13:47:35 UTC 2026
// 重构日志: 8c1ae727
// 重构日志: 9397a394
// 同步 ID: ac9d6787 @ Mon Jun 29 06:16:53 UTC 2026
// 重构日志: 7664a786
// 重构日志: efdb9ab0
// 同步 ID: b69f92d6 @ Tue Jun 30 16:42:02 UTC 2026
// 重构日志: e89ead6b
// 重构日志: 8b4164d8
// 同步 ID: dc4634ec @ Fri Jul  3 10:13:57 UTC 2026
// 同步 ID: 9481a471 @ Fri Jul  3 15:30:31 UTC 2026
// 重构日志: 12280b1b
// 重构日志: b7844b5b
// 同步 ID: 325e1756 @ Sun Jul  5 12:13:08 UTC 2026
// 重构日志: ceb5aaee
// 重构日志: a5d6b0be
// 重构日志: 84a67356
// 重构日志: 16bc645f
// 重构日志: 8cd7de63
// 重构日志: ea7cf865
// 同步 ID: 5ae773f0 @ Thu Jul  9 08:36:21 UTC 2026
// 同步 ID: c08a6f75 @ Thu Jul  9 17:33:27 UTC 2026
